~` The Untold Odyssey `~
	Dumped OpenGL data.
:: Loaded OpenGL extensions ::
0 >> GL_ARB_texture_env_crossbar
1 >> GL_EXT_framebuffer_sRGB
2 >> GL_EXT_texture_lod_bias
3 >> GL_WIN_swap_hint
4 >> GL_ARB_debug_output
5 >> GL_ARB_transform_feedback2
6 >> GL_ARB_texture_compression_rgtc
7 >> GL_EXT_texture_filter_anisotropic
8 >> GL_ARB_draw_elements_base_vertex
9 >> GL_ARB_fragment_program
10 >> GL_ARB_transpose_matrix
0 >> GL_ARB_texture_env_crossbar
1 >> GL_EXT_framebuffer_sRGB
2 >> GL_EXT_texture_lod_bias
3 >> GL_WIN_swap_hint
4 >> GL_ARB_debug_output
5 >> GL_ARB_transform_feedback2
6 >> GL_ARB_texture_compression_rgtc
7 >> GL_EXT_texture_filter_anisotropic
8 >> GL_ARB_draw_elements_base_vertex
9 >> GL_ARB_fragment_program
10 >> GL_ARB_transpose_matrix
11 >> GL_EXT_shader_image_load_store
12 >> GL_ARB_framebuffer_object
13 >> GL_EXT_texture_rectangle
14 >> GL_EXT_texture_compression_bptc
15 >> GL_EXT_texture_object
16 >> GL_EXT_texture_compression_s3tc
17 >> GL_AMD_gpu_shader_int16
18 >> GL_ARB_ES3_1_compatibility
19 >> GL_ARB_ES2_compatibility
20 >> GL_EXT_texture_sRGB
21 >> GL_EXT_texture_shared_exponent
22 >> GL_ARB_texture_barrier
23 >> GL_AMD_shader_atomic_counter_ops
24 >> GL_ARB_ES3_compatibility
25 >> GL_ARB_parallel_shader_compile
26 >> GL_EXT_vertex_array_bgra
27 >> WGL_EXT_swap_control
28 >> GL_ARB_get_texture_sub_image
29 >> GL_ARB_texture_multisample
30 >> GL_NV_alpha_to_coverage_dither_control
31 >> GL_EXT_gpu_program_parameters
32 >> GL_ATI_texture_env_combine3
33 >> GL_NV_explicit_multisample
34 >> GL_ARB_polygon_offset_clamp
35 >> GL_EXT_bgra
36 >> GL_ARB_robust_buffer_access_behavior
37 >> GL_ARB_clear_texture
38 >> GL_EXT_framebuffer_blit
39 >> GL_EXT_point_parameters
40 >> GL_EXT_vertex_attrib_64bit
41 >> GL_AMD_shader_trace
42 >> GL_AMDX_debug_output
43 >> GL_ARB_half_float_vertex
44 >> GL_ARB_shader_image_load_store
45 >> GL_AMD_draw_buffers_blend
46 >> GL_ARB_fragment_coord_conventions
47 >> GL_AMD_interleaved_elements
48 >> GL_ARB_shadow
49 >> GL_ARB_texture_compression
50 >> GL_ARB_gpu_shader_fp64
51 >> GL_ARB_derivative_control
52 >> GL_EXT_blend_func_separate
53 >> GL_EXT_blend_minmax
54 >> GL_KHR_robust_buffer_access_behavior
55 >> GL_ARB_stencil_texturing
56 >> GL_KTX_buffer_region
57 >> GL_EXT_abgr
58 >> GL_ARB_texture_env_combine
59 >> GL_ARB_texture_env_dot3
60 >> GL_ARB_separate_shader_objects
61 >> GL_AMD_shader_trinary_minmax
62 >> GL_EXT_texture_swizzle
63 >> GL_ARB_depth_buffer_float
64 >> GL_ARB_shader_storage_buffer_object
65 >> GL_ARB_timer_query
66 >> GL_ARB_query_buffer_object
67 >> GL_ARB_shader_texture_image_samples
68 >> GL_ARB_sparse_texture
69 >> GL_NV_copy_image
70 >> GL_ARB_shader_atomic_counters
71 >> GL_ARB_seamless_cubemap_per_texture
72 >> GL_ARB_bindless_texture
73 >> GL_AMD_conservative_depth
74 >> GL_ARB_map_buffer_range
75 >> GL_ARB_texture_env_add
76 >> GL_ARB_texture_cube_map_array
77 >> GL_EXT_texture_compression_rgtc
78 >> GL_EXT_texture_integer
79 >> GL_ARB_texture_gather
80 >> GL_ARB_vertex_array_object
81 >> GL_ARB_sample_shading
82 >> GL_ARB_texture_buffer_range
83 >> GL_ARB_get_program_binary
84 >> GL_ARB_copy_image
85 >> GL_EXT_texture_array
86 >> GL_AMD_texture_cube_map_array
87 >> GL_EXT_shader_integer_mix
88 >> GL_EXT_packed_pixels
89 >> GL_ARB_texture_query_levels
90 >> GL_EXT_draw_instanced
91 >> GL_EXT_multi_draw_arrays
92 >> GL_EXT_texture_mirror_clamp
93 >> GL_EXT_timer_query
94 >> GL_NV_depth_buffer_float
95 >> GL_ATI_separate_stencil
96 >> GL_ARB_vertex_shader
97 >> GL_SGIS_texture_lod
98 >> GL_ARB_texture_buffer_object
99 >> GL_AMD_gpu_shader_half_float
100 >> GL_ARB_texture_storage_multisample
101 >> GL_EXT_blend_equation_separate
102 >> GL_ARB_texture_border_clamp
103 >> GL_KHR_debug
104 >> GL_ARB_draw_buffers
105 >> GL_ARB_shading_language_100
106 >> GL_EXT_histogram
107 >> GL_ATI_envmap_bumpmap
108 >> GL_EXT_texture3D
109 >> GL_ARB_shader_objects
110 >> GL_ARB_texture_rectangle
111 >> GL_NV_blend_square
112 >> GL_ARB_shader_image_size
113 >> GL_ARB_internalformat_query
114 >> GL_EXT_draw_range_elements
115 >> GL_KHR_robustness
116 >> GL_ARB_texture_non_power_of_two
117 >> GL_EXT_secondary_color
118 >> GL_ARB_shader_precision
119 >> GL_ARB_sync
120 >> GL_NV_half_float
121 >> GL_ARB_multi_bind
122 >> GL_ARB_texture_mirrored_repeat
123 >> GL_SGIS_generate_mipmap
124 >> GL_ARB_program_interface_query
125 >> GL_ARB_texture_storage
126 >> GL_ARB_vertex_array_bgra
127 >> GL_ARB_direct_state_access
128 >> GL_EXT_texture_lod
129 >> GL_ARB_texture_stencil8
130 >> GL_EXT_bindable_uniform
131 >> GL_ARB_instanced_arrays
132 >> GL_ATI_draw_buffers
133 >> GL_ARB_transform_feedback_overflow_query
134 >> GL_ARB_provoking_vertex
135 >> GL_ARB_fragment_shader
136 >> GL_ARB_occlusion_query2
137 >> GL_ARB_enhanced_layouts
138 >> GL_ARB_transform_feedback3
139 >> GL_ARB_invalidate_subdata
140 >> GL_ARB_buffer_storage
141 >> GL_ARB_vertex_attrib_binding
142 >> GL_SUN_multi_draw_arrays
143 >> GL_EXT_framebuffer_multisample
144 >> GL_ARB_fragment_program_shadow
145 >> GL_EXT_shadow_funcs
146 >> GL_ARB_multisample
147 >> GL_ARB_shader_ballot
148 >> GL_EXT_packed_float
149 >> GL_ARB_shader_draw_parameters
150 >> GL_ARB_blend_func_extended
151 >> GL_ATI_texture_compression_3dc
152 >> GL_ARB_conservative_depth
153 >> GL_ARB_fragment_layer_viewport
154 >> GL_KHR_no_error
155 >> GL_ARB_arrays_of_arrays
156 >> GL_EXT_texture_env_dot3
157 >> GL_ARB_depth_clamp
158 >> GL_ARB_texture_cube_map
159 >> GL_ARB_shader_subroutine
160 >> GL_AMD_blend_minmax_factor
161 >> GL_EXT_semaphore
162 >> GL_AMD_name_gen_delete
163 >> GL_ARB_compatibility
164 >> GL_ARB_shader_stencil_export
165 >> GL_EXT_blend_subtract
166 >> GL_AMD_seamless_cubemap_per_texture
167 >> GL_ARB_pipeline_statistics_query
168 >> GL_EXT_draw_buffers2
169 >> GL_AMD_occlusion_query_event
170 >> GL_ARB_framebuffer_sRGB
171 >> GL_AMD_debug_output
172 >> GL_ARB_occlusion_query
173 >> GL_EXT_texture_buffer_object
174 >> GL_ARB_conditional_render_inverted
175 >> GL_ARB_multi_draw_indirect
176 >> GL_EXT_compiled_vertex_array
177 >> GL_AMD_stencil_operation_extended
178 >> GL_ARB_vertex_attrib_64bit
179 >> GL_ARB_indirect_parameters
180 >> GL_ARB_texture_buffer_object_rgb32
181 >> GL_EXT_texture_env_combine
182 >> GL_EXT_texture_compression_latc
183 >> GL_ARB_compressed_texture_pixel_storage
184 >> GL_EXT_geometry_shader4
185 >> GL_AMD_shader_stencil_value_export
186 >> GL_ARB_draw_instanced
187 >> GL_AMD_framebuffer_sample_positions
188 >> GL_ARB_explicit_attrib_location
189 >> GL_ARB_compute_shader
190 >> GL_EXT_polygon_offset_clamp
191 >> GL_EXT_rescale_normal
192 >> GL_EXT_texture_sRGB_decode
193 >> GL_OES_EGL_image
194 >> GL_AMD_query_buffer_object
195 >> GL_ARB_point_parameters
196 >> GL_NV_primitive_restart
197 >> GL_EXT_memory_object
198 >> GL_ARB_color_buffer_float
199 >> GL_ARB_copy_buffer
200 >> GL_ARB_uniform_buffer_object
201 >> GL_EXT_copy_buffer
202 >> GL_NV_float_buffer
203 >> GL_AMD_texture_texture4
204 >> GL_ARB_seamless_cube_map
205 >> GL_ARB_shading_language_packing
206 >> GL_AMD_depth_clamp_separate
207 >> GL_EXT_texgen_reflection
208 >> GL_ARB_depth_texture
209 >> GL_AMD_sparse_texture_pool
210 >> GL_ARB_vertex_type_10f_11f_11f_rev
211 >> GL_AMD_transform_feedback3_lines_triangles
212 >> GL_ARB_base_instance
213 >> GL_ARB_draw_indirect
214 >> GL_EXT_texture_storage
215 >> GL_NV_texgen_reflection
216 >> GL_ARB_texture_mirror_clamp_to_edge
217 >> GL_EXT_pixel_buffer_object
218 >> GL_EXT_stencil_wrap
219 >> GL_ARB_texture_view
220 >> GL_EXT_blend_color
221 >> GL_EXT_direct_state_access
222 >> GL_ARB_clear_buffer_object
223 >> GL_EXT_packed_depth_stencil
224 >> GL_AMD_sparse_texture
225 >> GL_ARB_texture_query_lod
226 >> GL_NV_conditional_render
227 >> GL_AMD_pinned_memory
228 >> GL_EXT_provoking_vertex
229 >> GL_ARB_vertex_buffer_object
230 >> GL_NV_copy_depth_to_color
231 >> GL_ARB_pixel_buffer_object
232 >> GL_EXT_depth_bounds_test
233 >> GL_ARB_vertex_program
234 >> GL_ARB_window_pos
235 >> GL_EXT_subtexture
236 >> GL_ARB_vertex_type_2_10_10_10_rev
237 >> GL_ARB_draw_buffers_blend
238 >> GL_ARB_shader_viewport_layer_array
239 >> GL_ARB_texture_snorm
240 >> GL_ARB_imaging
241 >> GL_EXT_separate_specular_color
242 >> GL_EXT_vertex_array
243 >> GL_ARB_sparse_buffer
244 >> GL_EXT_texture_cube_map
245 >> GL_ARB_viewport_array
246 >> GL_ARB_shader_bit_encoding
247 >> GL_AMD_gcn_shader
248 >> GL_ATI_texture_mirror_once
249 >> GL_EXT_texture_edge_clamp
250 >> GL_ARB_shading_language_420pack
251 >> GL_EXT_texture_env_add
252 >> GL_AMD_sample_positions
253 >> GL_NV_texture_barrier
254 >> GL_KHR_parallel_shader_compile
255 >> GL_ARB_shader_texture_lod
256 >> GL_ARB_texture_rg
257 >> GL_ARB_texture_rgb10_a2ui
258 >> GL_ARB_texture_compression_bptc
259 >> GL_SGIS_texture_edge_clamp
260 >> GL_AMD_multi_draw_indirect
261 >> GL_ARB_shadow_ambient
262 >> GL_AMD_gpu_shader_int64
263 >> GL_ARB_half_float_pixel
264 >> GL_EXT_semaphore_win32
265 >> GL_IBM_texture_mirrored_repeat
266 >> GL_KHR_context_flush_control
267 >> GL_ARB_clip_control
268 >> GL_ARB_texture_float
269 >> GL_ARB_shader_group_vote
270 >> GL_ARB_internalformat_query2
271 >> GL_ARB_multitexture
272 >> GL_EXT_gpu_shader4
273 >> GL_ARB_map_buffer_alignment
274 >> GL_ARB_geometry_shader4
275 >> GL_EXT_texture_snorm
276 >> GL_AMD_performance_monitor
277 >> GL_EXT_memory_object_win32
278 >> GL_AMD_transform_feedback4
279 >> GL_ARB_explicit_uniform_location
280 >> GL_ATI_texture_float
281 >> GL_AMD_vertex_shader_layer
282 >> GL_ATI_fragment_shader
283 >> GL_ARB_tessellation_shader
284 >> GL_EXT_framebuffer_object
285 >> GL_AMD_shader_stencil_export
286 >> GL_ARB_cull_distance
287 >> GL_EXT_transform_feedback
288 >> GL_ARB_gl_spirv
289 >> GL_EXT_copy_texture
290 >> GL_ARB_transform_feedback_instanced
291 >> GL_ARB_sampler_objects
292 >> GL_ARB_spirv_extensions
293 >> GL_ARB_point_sprite
294 >> GL_ARB_gpu_shader5
295 >> GL_ARB_framebuffer_no_attachments
296 >> GL_EXT_fog_coord
297 >> GL_AMD_vertex_shader_viewport_index
298 >> GL_ARB_texture_swizzle
